<?xml version="1.0" encoding="UTF-8"?>
<!-- Generated by org.testng.reporters.JUnitReportReporter -->
<<<<<<< Updated upstream
<testsuite hostname="DESKTOP-MPMR2HI" failures="0" tests="8" name="testcases.Automation_Selenium" time="42.279" errors="0" timestamp="2023-07-22T14:40:40 EEST" skipped="0">
  <testcase classname="testcases.Automation_Selenium" name="inputCredentialOnSignInPage" time="9.230"/>
  <system-out/>
  <testcase classname="testcases.Automation_Selenium" name="openHomePageAndClickSignInBtn" time="4.553"/>
  <system-out/>
  <testcase classname="testcases.Automation_Selenium" name="openHomePageAndClickSignInBtn" time="4.234"/>
  <system-out/>
  <testcase classname="testcases.Automation_Selenium" name="validateCheckbox" time="4.279"/>
  <system-out/>
  <testcase classname="testcases.Automation_Selenium" name="inputCredentialOnSignInPage" time="4.643"/>
  <system-out/>
  <testcase classname="testcases.Automation_Selenium" name="validInputFieldsOnSignInPage" time="6.175"/>
  <system-out/>
  <testcase classname="testcases.Automation_Selenium" name="validateCheckbox" time="4.940"/>
  <system-out/>
  <testcase classname="testcases.Automation_Selenium" name="validInputFieldsOnSignInPage" time="4.225"/>
=======
<testsuite hostname="DESKTOP-MPMR2HI" failures="0" tests="6" name="testcases.Automation_Selenium" time="32.531" errors="0" timestamp="2023-07-23T13:35:08 EEST" skipped="0">
  <testcase classname="testcases.Automation_Selenium" name="inputCredentialOnSignInPage" time="4.995"/>
  <system-out/>
  <testcase classname="testcases.Automation_Selenium" name="inputCredentialOnSignInPage" time="6.369"/>
  <system-out/>
  <testcase classname="testcases.Automation_Selenium" name="validInputFieldsOnSignInPage" time="4.412"/>
  <system-out/>
  <testcase classname="testcases.Automation_Selenium" name="openHomePageAndClickSignInBtn" time="4.617"/>
  <system-out/>
  <testcase classname="testcases.Automation_Selenium" name="validateCheckbox" time="4.656"/>
  <system-out/>
  <testcase classname="testcases.Automation_Selenium" name="validateCheckbox" time="7.482"/>
>>>>>>> Stashed changes
  <system-out/>
</testsuite> <!-- testcases.Automation_Selenium -->
