<?xml version="1.0" encoding="UTF-8"?>
<!-- Generated by org.testng.reporters.JUnitReportReporter -->
<testsuite hostname="DESKTOP-MPMR2HI" failures="0" tests="3" name="testcases.validDrpDwnCntntTest" time="21.566" errors="0" timestamp="2023-07-22T14:40:40 EEST" skipped="0">
  <testcase classname="testcases.validDrpDwnCntntTest" name="list" time="11.138"/>
  <system-out/>
  <testcase classname="testcases.validDrpDwnCntntTest" name="openSignUpPage" time="4.953"/>
  <system-out/>
  <testcase classname="testcases.validDrpDwnCntntTest" name="list2" time="5.475"/>
  <system-out/>
</testsuite> <!-- testcases.validDrpDwnCntntTest -->
