<?xml version="1.0" encoding="UTF-8"?>
<!-- Generated by org.testng.reporters.JUnitReportReporter -->
<testsuite hostname="DESKTOP-MPMR2HI" failures="0" tests="2" name="testcases.TabsAndScrollTest" time="8.500" errors="0" timestamp="2023-07-23T13:35:08 EEST" skipped="0">
  <testcase classname="testcases.TabsAndScrollTest" name="scrollingHomePage" time="3.899"/>
  <system-out/>
  <testcase classname="testcases.TabsAndScrollTest" name="tabsAndSelection" time="4.601"/>
  <system-out/>
</testsuite> <!-- testcases.TabsAndScrollTest -->
