<?xml version="1.0" encoding="UTF-8"?>
<!-- Generated by org.testng.reporters.JUnitReportReporter -->
<testsuite hostname="DESKTOP-MPMR2HI" failures="0" tests="2" name="testcases.tabsAndSrcollTest" time="16.068" errors="0" timestamp="2023-07-22T14:40:40 EEST" skipped="0">
  <testcase classname="testcases.tabsAndSrcollTest" name="scrollingHomePage" time="9.667"/>
  <system-out/>
  <testcase classname="testcases.tabsAndSrcollTest" name="tabsAndSelection" time="6.401"/>
  <system-out/>
</testsuite> <!-- testcases.tabsAndSrcollTest -->
