<?xml version="1.0" encoding="UTF-8"?>
<!-- Generated by org.testng.reporters.JUnitReportReporter -->
<testsuite hostname="DESKTOP-MPMR2HI" failures="0" tests="1" name="testcases.errorMessValidTest" time="16.429" errors="0" timestamp="2023-07-22T14:40:40 EEST" skipped="0">
  <testcase classname="testcases.errorMessValidTest" name="errorMassageOnAfterInputOnSingInPage" time="16.429"/>
  <system-out/>
</testsuite> <!-- testcases.errorMessValidTest -->
