<?xml version="1.0" encoding="UTF-8"?>
<!-- Generated by org.testng.reporters.JUnitReportReporter -->
<testsuite hostname="DESKTOP-MPMR2HI" failures="0" tests="1" name="testcases.ErrorMessValidTest" time="10.389" errors="0" timestamp="2023-07-23T13:35:08 EEST" skipped="0">
  <testcase classname="testcases.ErrorMessValidTest" name="errorMassageOnAfterInputOnSingInPage" time="10.389"/>
  <system-out/>
</testsuite> <!-- testcases.ErrorMessValidTest -->
