<?xml version="1.0" encoding="UTF-8"?>
<!-- Generated by org.testng.reporters.JUnitReportReporter -->
<testsuite hostname="DESKTOP-MPMR2HI" failures="0" tests="8" name="testcases.Automation_Selenium" time="42.279" errors="0" timestamp="2023-07-22T14:40:40 EEST" skipped="0">
  <testcase classname="testcases.Automation_Selenium" name="inputCredentialOnSignInPage" time="9.230"/>
  <system-out/>
  <testcase classname="testcases.Automation_Selenium" name="openHomePageAndClickSignInBtn" time="4.553"/>
  <system-out/>
  <testcase classname="testcases.Automation_Selenium" name="openHomePageAndClickSignInBtn" time="4.234"/>
  <system-out/>
  <testcase classname="testcases.Automation_Selenium" name="validateCheckbox" time="4.279"/>
  <system-out/>
  <testcase classname="testcases.Automation_Selenium" name="inputCredentialOnSignInPage" time="4.643"/>
  <system-out/>
  <testcase classname="testcases.Automation_Selenium" name="validInputFieldsOnSignInPage" time="6.175"/>
  <system-out/>
  <testcase classname="testcases.Automation_Selenium" name="validateCheckbox" time="4.940"/>
  <system-out/>
  <testcase classname="testcases.Automation_Selenium" name="validInputFieldsOnSignInPage" time="4.225"/>
  <system-out/>
</testsuite> <!-- testcases.Automation_Selenium -->
